# JRE version: Java(TM) SE Runtime Environment (13.0.2+8) (build 13.0.2+8)
# Java VM: Java HotSpot(TM) 64-Bit Server VM (13.0.2+8, mixed mode, sharing, tiered, compressed oops, parallel gc, windows-amd64)
Heap:
 PSYoungGen      total 24576K, used 9933K [0x00000000eab00000, 0x00000000ec680000, 0x0000000100000000)
  eden space 22016K, 35% used [0x00000000eab00000,0x00000000eb293588,0x00000000ec080000)
  from space 2560K, 85% used [0x00000000ec100000,0x00000000ec320010,0x00000000ec380000)
  to   space 3072K, 0% used [0x00000000ec380000,0x00000000ec380000,0x00000000ec680000)
 ParOldGen       total 68608K, used 17502K [0x00000000c0000000, 0x00000000c4300000, 0x00000000eab00000)
  object space 68608K, 25% used [0x00000000c0000000,0x00000000c1117b90,0x00000000c4300000)
 Metaspace       used 24776K, capacity 26086K, committed 26240K, reserved 1077248K
  class space    used 2397K, capacity 2876K, committed 2944K, reserved 1048576K
GC Heap History (20 events):
Event: 3.371 GC heap after
{Heap after GC invocations=4 (full 1):
 PSYoungGen      total 29696K, used 0K [0x00000000eab00000, 0x00000000ecc00000, 0x0000000100000000)
  eden space 25600K, 0% used [0x00000000eab00000,0x00000000eab00000,0x00000000ec400000)
  from space 4096K, 0% used [0x00000000ec400000,0x00000000ec400000,0x00000000ec800000)
  to   space 4096K, 0% used [0x00000000ec800000,0x00000000ec800000,0x00000000ecc00000)
 ParOldGen       total 68608K, used 6300K [0x00000000c0000000, 0x00000000c4300000, 0x00000000eab00000)
  object space 68608K, 9% used [0x00000000c0000000,0x00000000c0627360,0x00000000c4300000)
 Metaspace       used 17914K, capacity 18823K, committed 18944K, reserved 1073152K
  class space    used 1624K, capacity 1932K, committed 2048K, reserved 1048576K
}
Event: 3.500 GC heap before
{Heap before GC invocations=5 (full 1):
 PSYoungGen      total 29696K, used 1773K [0x00000000eab00000, 0x00000000ecc00000, 0x0000000100000000)
  eden space 25600K, 6% used [0x00000000eab00000,0x00000000eacbb5d0,0x00000000ec400000)
  from space 4096K, 0% used [0x00000000ec400000,0x00000000ec400000,0x00000000ec800000)
  to   space 4096K, 0% used [0x00000000ec800000,0x00000000ec800000,0x00000000ecc00000)
 ParOldGen       total 68608K, used 6300K [0x00000000c0000000, 0x00000000c4300000, 0x00000000eab00000)
  object space 68608K, 9% used [0x00000000c0000000,0x00000000c0627360,0x00000000c4300000)
 Metaspace       used 18403K, capacity 19358K, committed 19456K, reserved 1083392K
  class space    used 1684K, capacity 1982K, committed 2048K, reserved 1048576K
}
Event: 3.501 GC heap after
{Heap after GC invocations=5 (full 1):
 PSYoungGen      total 29696K, used 323K [0x00000000eab00000, 0x00000000ecc00000, 0x0000000100000000)
  eden space 25600K, 0% used [0x00000000eab00000,0x00000000eab00000,0x00000000ec400000)
  from space 4096K, 7% used [0x00000000ec800000,0x00000000ec850c10,0x00000000ecc00000)
  to   space 4096K, 0% used [0x00000000ec400000,0x00000000ec400000,0x00000000ec800000)
 ParOldGen       total 68608K, used 6300K [0x00000000c0000000, 0x00000000c4300000, 0x00000000eab00000)
  object space 68608K, 9% used [0x00000000c0000000,0x00000000c0627360,0x00000000c4300000)
 Metaspace       used 18403K, capacity 19358K, committed 19456K, reserved 1083392K
  class space    used 1684K, capacity 1982K, committed 2048K, reserved 1048576K
}
Event: 3.501 GC heap before
{Heap before GC invocations=6 (full 2):
 PSYoungGen      total 29696K, used 323K [0x00000000eab00000, 0x00000000ecc00000, 0x0000000100000000)
  eden space 25600K, 0% used [0x00000000eab00000,0x00000000eab00000,0x00000000ec400000)
  from space 4096K, 7% used [0x00000000ec800000,0x00000000ec850c10,0x00000000ecc00000)
  to   space 4096K, 0% used [0x00000000ec400000,0x00000000ec400000,0x00000000ec800000)
 ParOldGen       total 68608K, used 6300K [0x00000000c0000000, 0x00000000c4300000, 0x00000000eab00000)
  object space 68608K, 9% used [0x00000000c0000000,0x00000000c0627360,0x00000000c4300000)
 Metaspace       used 18403K, capacity 19358K, committed 19456K, reserved 1083392K
  class space    used 1684K, capacity 1982K, committed 2048K, reserved 1048576K
}
Event: 3.539 GC heap after
{Heap after GC invocations=6 (full 2):
 PSYoungGen      total 29696K, used 0K [0x00000000eab00000, 0x00000000ecc00000, 0x0000000100000000)
  eden space 25600K, 0% used [0x00000000eab00000,0x00000000eab00000,0x00000000ec400000)
  from space 4096K, 0% used [0x00000000ec800000,0x00000000ec800000,0x00000000ecc00000)
  to   space 4096K, 0% used [0x00000000ec400000,0x00000000ec400000,0x00000000ec800000)
 ParOldGen       total 68608K, used 6527K [0x00000000c0000000, 0x00000000c4300000, 0x00000000eab00000)
  object space 68608K, 9% used [0x00000000c0000000,0x00000000c065ff58,0x00000000c4300000)
 Metaspace       used 18403K, capacity 19358K, committed 19456K, reserved 1083392K
  class space    used 1684K, capacity 1982K, committed 2048K, reserved 1048576K
}
Event: 3.539 GC heap before
{Heap before GC invocations=7 (full 2):
 PSYoungGen      total 29696K, used 0K [0x00000000eab00000, 0x00000000ecc00000, 0x0000000100000000)
  eden space 25600K, 0% used [0x00000000eab00000,0x00000000eab00000,0x00000000ec400000)
  from space 4096K, 0% used [0x00000000ec800000,0x00000000ec800000,0x00000000ecc00000)
  to   space 4096K, 0% used [0x00000000ec400000,0x00000000ec400000,0x00000000ec800000)
 ParOldGen       total 68608K, used 6527K [0x00000000c0000000, 0x00000000c4300000, 0x00000000eab00000)
  object space 68608K, 9% used [0x00000000c0000000,0x00000000c065ff58,0x00000000c4300000)
 Metaspace       used 18403K, capacity 19358K, committed 19456K, reserved 1087488K
  class space    used 1684K, capacity 1982K, committed 2048K, reserved 1048576K
}
Event: 3.540 GC heap after
{Heap after GC invocations=7 (full 2):
 PSYoungGen      total 29696K, used 0K [0x00000000eab00000, 0x00000000ec880000, 0x0000000100000000)
  eden space 25600K, 0% used [0x00000000eab00000,0x00000000eab00000,0x00000000ec400000)
  from space 4096K, 0% used [0x00000000ec400000,0x00000000ec400000,0x00000000ec800000)
  to   space 512K, 0% used [0x00000000ec800000,0x00000000ec800000,0x00000000ec880000)
 ParOldGen       total 68608K, used 6527K [0x00000000c0000000, 0x00000000c4300000, 0x00000000eab00000)
  object space 68608K, 9% used [0x00000000c0000000,0x00000000c065ff58,0x00000000c4300000)
 Metaspace       used 18403K, capacity 19358K, committed 19456K, reserved 1087488K
  class space    used 1684K, capacity 1982K, committed 2048K, reserved 1048576K
}
Event: 3.540 GC heap before
{Heap before GC invocations=8 (full 3):
 PSYoungGen      total 29696K, used 0K [0x00000000eab00000, 0x00000000ec880000, 0x0000000100000000)
  eden space 25600K, 0% used [0x00000000eab00000,0x00000000eab00000,0x00000000ec400000)
  from space 4096K, 0% used [0x00000000ec400000,0x00000000ec400000,0x00000000ec800000)
  to   space 512K, 0% used [0x00000000ec800000,0x00000000ec800000,0x00000000ec880000)
 ParOldGen       total 68608K, used 6527K [0x00000000c0000000, 0x00000000c4300000, 0x00000000eab00000)
  object space 68608K, 9% used [0x00000000c0000000,0x00000000c065ff58,0x00000000c4300000)
 Metaspace       used 18403K, capacity 19358K, committed 19456K, reserved 1087488K
  class space    used 1684K, capacity 1982K, committed 2048K, reserved 1048576K
}
Event: 3.604 GC heap after
{Heap after GC invocations=8 (full 3):
 PSYoungGen      total 29696K, used 0K [0x00000000eab00000, 0x00000000ec880000, 0x0000000100000000)
  eden space 25600K, 0% used [0x00000000eab00000,0x00000000eab00000,0x00000000ec400000)
  from space 4096K, 0% used [0x00000000ec400000,0x00000000ec400000,0x00000000ec800000)
  to   space 512K, 0% used [0x00000000ec800000,0x00000000ec800000,0x00000000ec880000)
 ParOldGen       total 68608K, used 5843K [0x00000000c0000000, 0x00000000c4300000, 0x00000000eab00000)
  object space 68608K, 8% used [0x00000000c0000000,0x00000000c05b4e68,0x00000000c4300000)
 Metaspace       used 18353K, capacity 19282K, committed 19456K, reserved 1073152K
  class space    used 1672K, capacity 1958K, committed 2048K, reserved 1048576K
}
Event: 5.329 GC heap before
{Heap before GC invocations=9 (full 3):
 PSYoungGen      total 29696K, used 25600K [0x00000000eab00000, 0x00000000ec880000, 0x0000000100000000)
  eden space 25600K, 100% used [0x00000000eab00000,0x00000000ec400000,0x00000000ec400000)
  from space 4096K, 0% used [0x00000000ec400000,0x00000000ec400000,0x00000000ec800000)
  to   space 512K, 0% used [0x00000000ec800000,0x00000000ec800000,0x00000000ec880000)
 ParOldGen       total 68608K, used 5843K [0x00000000c0000000, 0x00000000c4300000, 0x00000000eab00000)
  object space 68608K, 8% used [0x00000000c0000000,0x00000000c05b4e68,0x00000000c4300000)
 Metaspace       used 23916K, capacity 25299K, committed 25344K, reserved 1077248K
  class space    used 2303K, capacity 2806K, committed 2816K, reserved 1048576K
}
Event: 5.337 GC heap after
{Heap after GC invocations=9 (full 3):
 PSYoungGen      total 25600K, used 494K [0x00000000eab00000, 0x00000000ecc80000, 0x0000000100000000)
  eden space 25088K, 0% used [0x00000000eab00000,0x00000000eab00000,0x00000000ec380000)
  from space 512K, 96% used [0x00000000ec800000,0x00000000ec87ba38,0x00000000ec880000)
  to   space 4608K, 0% used [0x00000000ec380000,0x00000000ec380000,0x00000000ec800000)
 ParOldGen       total 68608K, used 8841K [0x00000000c0000000, 0x00000000c4300000, 0x00000000eab00000)
  object space 68608K, 12% used [0x00000000c0000000,0x00000000c08a2780,0x00000000c4300000)
 Metaspace       used 23916K, capacity 25299K, committed 25344K, reserved 1077248K
  class space    used 2303K, capacity 2806K, committed 2816K, reserved 1048576K
}
Event: 5.649 GC heap before
{Heap before GC invocations=10 (full 3):
 PSYoungGen      total 25600K, used 25582K [0x00000000eab00000, 0x00000000ecc80000, 0x0000000100000000)
  eden space 25088K, 100% used [0x00000000eab00000,0x00000000ec380000,0x00000000ec380000)
  from space 512K, 96% used [0x00000000ec800000,0x00000000ec87ba38,0x00000000ec880000)
  to   space 4608K, 0% used [0x00000000ec380000,0x00000000ec380000,0x00000000ec800000)
 ParOldGen       total 68608K, used 8841K [0x00000000c0000000, 0x00000000c4300000, 0x00000000eab00000)
  object space 68608K, 12% used [0x00000000c0000000,0x00000000c08a2780,0x00000000c4300000)
 Metaspace       used 24618K, capacity 25958K, committed 26240K, reserved 1077248K
  class space    used 2384K, capacity 2876K, committed 2944K, reserved 1048576K
}
Event: 5.655 GC heap after
{Heap after GC invocations=10 (full 3):
 PSYoungGen      total 27648K, used 2586K [0x00000000eab00000, 0x00000000ec900000, 0x0000000100000000)
  eden space 24576K, 0% used [0x00000000eab00000,0x00000000eab00000,0x00000000ec300000)
  from space 3072K, 84% used [0x00000000ec380000,0x00000000ec606b40,0x00000000ec680000)
  to   space 2560K, 0% used [0x00000000ec680000,0x00000000ec680000,0x00000000ec900000)
 ParOldGen       total 68608K, used 8849K [0x00000000c0000000, 0x00000000c4300000, 0x00000000eab00000)
  object space 68608K, 12% used [0x00000000c0000000,0x00000000c08a4780,0x00000000c4300000)
 Metaspace       used 24618K, capacity 25958K, committed 26240K, reserved 1077248K
  class space    used 2384K, capacity 2876K, committed 2944K, reserved 1048576K
}
Event: 5.998 GC heap before
{Heap before GC invocations=11 (full 3):
 PSYoungGen      total 27648K, used 27162K [0x00000000eab00000, 0x00000000ec900000, 0x0000000100000000)
  eden space 24576K, 100% used [0x00000000eab00000,0x00000000ec300000,0x00000000ec300000)
  from space 3072K, 84% used [0x00000000ec380000,0x00000000ec606b40,0x00000000ec680000)
  to   space 2560K, 0% used [0x00000000ec680000,0x00000000ec680000,0x00000000ec900000)
 ParOldGen       total 68608K, used 8849K [0x00000000c0000000, 0x00000000c4300000, 0x00000000eab00000)
  object space 68608K, 12% used [0x00000000c0000000,0x00000000c08a4780,0x00000000c4300000)
 Metaspace       used 24651K, capacity 25958K, committed 26240K, reserved 1077248K
  class space    used 2384K, capacity 2876K, committed 2944K, reserved 1048576K
}
Event: 6.006 GC heap after
{Heap after GC invocations=11 (full 3):
 PSYoungGen      total 25600K, used 2554K [0x00000000eab00000, 0x00000000ecc80000, 0x0000000100000000)
  eden space 23040K, 0% used [0x00000000eab00000,0x00000000eab00000,0x00000000ec180000)
  from space 2560K, 99% used [0x00000000ec680000,0x00000000ec8feb40,0x00000000ec900000)
  to   space 5120K, 0% used [0x00000000ec180000,0x00000000ec180000,0x00000000ec680000)
 ParOldGen       total 68608K, used 10841K [0x00000000c0000000, 0x00000000c4300000, 0x00000000eab00000)
  object space 68608K, 15% used [0x00000000c0000000,0x00000000c0a96770,0x00000000c4300000)
 Metaspace       used 24651K, capacity 25958K, committed 26240K, reserved 1077248K
  class space    used 2384K, capacity 2876K, committed 2944K, reserved 1048576K
}
Event: 6.181 GC heap before
{Heap before GC invocations=12 (full 3):
 PSYoungGen      total 25600K, used 25594K [0x00000000eab00000, 0x00000000ecc80000, 0x0000000100000000)
  eden space 23040K, 100% used [0x00000000eab00000,0x00000000ec180000,0x00000000ec180000)
  from space 2560K, 99% used [0x00000000ec680000,0x00000000ec8feb40,0x00000000ec900000)
  to   space 5120K, 0% used [0x00000000ec180000,0x00000000ec180000,0x00000000ec680000)
 ParOldGen       total 68608K, used 10841K [0x00000000c0000000, 0x00000000c4300000, 0x00000000eab00000)
  object space 68608K, 15% used [0x00000000c0000000,0x00000000c0a96770,0x00000000c4300000)
 Metaspace       used 24730K, capacity 26022K, committed 26240K, reserved 1077248K
  class space    used 2388K, capacity 2876K, committed 2944K, reserved 1048576K
}
Event: 6.202 GC heap after
{Heap after GC invocations=12 (full 3):
 PSYoungGen      total 26624K, used 3968K [0x00000000eab00000, 0x00000000eca00000, 0x0000000100000000)
  eden space 22528K, 0% used [0x00000000eab00000,0x00000000eab00000,0x00000000ec100000)
  from space 4096K, 96% used [0x00000000ec180000,0x00000000ec560010,0x00000000ec580000)
  to   space 4608K, 0% used [0x00000000ec580000,0x00000000ec580000,0x00000000eca00000)
 ParOldGen       total 68608K, used 11237K [0x00000000c0000000, 0x00000000c4300000, 0x00000000eab00000)
  object space 68608K, 16% used [0x00000000c0000000,0x00000000c0af94c0,0x00000000c4300000)
 Metaspace       used 24730K, capacity 26022K, committed 26240K, reserved 1077248K
  class space    used 2388K, capacity 2876K, committed 2944K, reserved 1048576K
}
Event: 6.387 GC heap before
{Heap before GC invocations=13 (full 3):
 PSYoungGen      total 26624K, used 26496K [0x00000000eab00000, 0x00000000eca00000, 0x0000000100000000)
  eden space 22528K, 100% used [0x00000000eab00000,0x00000000ec100000,0x00000000ec100000)
  from space 4096K, 96% used [0x00000000ec180000,0x00000000ec560010,0x00000000ec580000)
  to   space 4608K, 0% used [0x00000000ec580000,0x00000000ec580000,0x00000000eca00000)
 ParOldGen       total 68608K, used 11237K [0x00000000c0000000, 0x00000000c4300000, 0x00000000eab00000)
  object space 68608K, 16% used [0x00000000c0000000,0x00000000c0af94c0,0x00000000c4300000)
 Metaspace       used 24775K, capacity 26086K, committed 26240K, reserved 1077248K
  class space    used 2397K, capacity 2876K, committed 2944K, reserved 1048576K
}
Event: 6.400 GC heap after
{Heap after GC invocations=13 (full 3):
 PSYoungGen      total 26624K, used 4096K [0x00000000eab00000, 0x00000000eca00000, 0x0000000100000000)
  eden space 22016K, 0% used [0x00000000eab00000,0x00000000eab00000,0x00000000ec080000)
  from space 4608K, 88% used [0x00000000ec580000,0x00000000ec980010,0x00000000eca00000)
  to   space 4608K, 0% used [0x00000000ec100000,0x00000000ec100000,0x00000000ec580000)
 ParOldGen       total 68608K, used 13421K [0x00000000c0000000, 0x00000000c4300000, 0x00000000eab00000)
  object space 68608K, 19% used [0x00000000c0000000,0x00000000c0d1b4d0,0x00000000c4300000)
 Metaspace       used 24775K, capacity 26086K, committed 26240K, reserved 1077248K
  class space    used 2397K, capacity 2876K, committed 2944K, reserved 1048576K
}
Event: 6.565 GC heap before
{Heap before GC invocations=14 (full 3):
 PSYoungGen      total 26624K, used 26112K [0x00000000eab00000, 0x00000000eca00000, 0x0000000100000000)
  eden space 22016K, 100% used [0x00000000eab00000,0x00000000ec080000,0x00000000ec080000)
  from space 4608K, 88% used [0x00000000ec580000,0x00000000ec980010,0x00000000eca00000)
  to   space 4608K, 0% used [0x00000000ec100000,0x00000000ec100000,0x00000000ec580000)
 ParOldGen       total 68608K, used 13421K [0x00000000c0000000, 0x00000000c4300000, 0x00000000eab00000)
  object space 68608K, 19% used [0x00000000c0000000,0x00000000c0d1b4d0,0x00000000c4300000)
 Metaspace       used 24776K, capacity 26086K, committed 26240K, reserved 1077248K
  class space    used 2397K, capacity 2876K, committed 2944K, reserved 1048576K
}

